Case #1: 
1111111111111001 81 4172 65 180562 115741 1921594 75411 13984391 31915691 
1111111111110111 253 3211 21 124907 2927 1243 4307 91 33220486 
1111111111110101 25 970 21467 143324 469 138262 455 902 172922 
1111111111100111 251 916 21835 513 19 2588 5184189 12575785 30282515 
1111111111100011 13 1393 15391 3 398263 9 2399087 11 88078 
1111111111100001 165 2440 36695 101516 1555 2006978 6084111 4842100 8068532 
1111111111011111 31 847 22539 159940 134089 21059 4152047 2575969 28515536 
1111111111011101 17 2542 17573 125805 5719 61118 5191817 6562 0 
1111111111011011 21 4 19891 1256 66659 2117795 63 350 1724645 
1111111111010101 171 151 6229 2713 8327 128781 434451 6390763 25492541 
1111111111010001 43 46 3 28249 520415 110 2904953 30388 29835255 
1111111111001011 11 1553 7 184 103 2125833 636577 960269 93902 
1111111111001001 219 3554 20805 179103 35125 2234158 2363913 10643420 28220668 
1111111111000011 225 1000 37181 28 336745 1979612 6122675 23780 358546 
1111111111000001 233 2411 5237 96083 149299 677857 137 17551 12 
1111111110111111 199 13 31017 28181 437 188527 73 20839 128 
1111111110110001 63 4256 1365 76 483719 10196 5687883 14974855 22024045 
1111111110101111 247 350 25343 649 591901 2822 3866777 306926 40805 
1111111110100101 15 3301 255 135692 176755 1277636 5036435 14488580 8165235 
1111111110100011 7 3406 2247 131647 91745 0 5337103 14968499 3424546 
1111111110011111 99 92 485 163652 311797 1882813 4759941 6967630 31231952 
1111111110011001 51 328 32125 33 131405 91228 36873 12453100 15 
1111111110010101 91 286 27111 11453 16135 982090 803 408772 3644926 
1111111110010011 193 4496 34305 69572 466903 14356 9 8690620 43485 
1111111110010001 25 3499 869 827 72517 348829 3661153 29587 13279555 
1111111110001101 27 128 21285 137367 537235 2134484 4887 10804097 16017015 
1111111110000111 245 520 8925 88012 293185 163844 42705 14235700 24648865 
1111111110000001 3 436 18961 177559 197033 2307876 9 10 24506453 
1111111101111101 127 3938 37451 4 287933 103823 5142865 13354274 27777781 
1111111101111011 169 28 2015 927 11051 1368443 3591 70810 32279711 
1111111101111001 7 1147 83 85036 3029 1042 15551 13105189 3365468 
1111111101110111 17 1886 17219 79571 655411 266671 5693143 6562 284395 
1111111101101101 23 157 27247 92 803 734 269 5447 8 
1111111101100011 111 4384 45 163 636241 1519493 194949 1200580 49 
1111111101100001 107 3097 7 159937 73691 1226 1942739 1171 751 
1111111101011101 231 523 19 84727 761 40 5065701 161 18852527 
1111111101011001 131 0 303 13 167545 1534231 4473631 6572 1073068 
1111111101010011 163 3943 1083 187056 175 2007703 4403131 44 30569794 
1111111101010001 3 7 27781 11509 606859 1975196 57 3266677 8429268 
1111111101001011 15 4145 37815 74252 170915 88749 3686183 35260 41429 
1111111101000111 143 302 15417 408 606263 3 459013 8131892 13771246 
1111111100111001 87 16 1665 184618 185 1811317 4527 13226086 1047164 
1111111100110101 79 3986 1371 24432 175 164985 104081 4 21393401 
1111111100110011 183 4264 37779 21287 31295 117 5682539 14878108 4714 
1111111100101101 201 1880 36975 2348 1615 9 5676585 20500 30520982 
1111111100100111 3 3856 15 887 382343 3867 2412243 13434595 28262699 
1111111100100001 177 868 65 160680 24439 415 6255163 13081235 1707 
1111111100011011 33 64 2055 4 5365 3531 107721 380 9862 
1111111100010111 133 26 4011 184576 89285 45 4330199 1190644 33281841 
1111111100001111 45 2120 765 1756 25 3 6130755 14924516 18698 
