CASE #1: 19 20
CASE #2: 023 023
CASE #3: 0 0
CASE #4: 05 00
CASE #5: 90 09
CASE #6: 401 401
CASE #7: 730 727
CASE #8: 045 080
CASE #9: 99 95
CASE #10: 880 869
CASE #11: 090 029
CASE #12: 092 098
CASE #13: 700 700
CASE #14: 90 99
CASE #15: 503 503
CASE #16: 700 294
CASE #17: 900 909
CASE #18: 99 99
CASE #19: 09 00
CASE #20: 040 009
CASE #21: 05 05
CASE #22: 100 099
CASE #23: 507 503
CASE #24: 581 580
CASE #25: 093 098
CASE #26: 148 140
CASE #27: 992 998
CASE #28: 00 00
CASE #29: 006 006
CASE #30: 5 5
CASE #31: 600 529
CASE #32: 990 909
CASE #33: 00 00
CASE #34: 027 023
CASE #35: 0 0
CASE #36: 009 060
CASE #37: 100 100
CASE #38: 609 601
CASE #39: 909 990
CASE #40: 99 99
CASE #41: 399 601
CASE #42: 05 05
CASE #43: 991 991
CASE #44: 050 019
CASE #45: 070 019
CASE #46: 033 039
CASE #47: 060 009
CASE #48: 000 009
CASE #49: 996 996
CASE #50: 543 543
CASE #51: 039 090
CASE #52: 05 05
CASE #53: 318 310
CASE #54: 560 560
CASE #55: 060 029
CASE #56: 800 699
CASE #57: 019 019
CASE #58: 954 909
CASE #59: 09 09
CASE #60: 706 706
CASE #61: 538 538
CASE #62: 111 111
CASE #63: 99 99
CASE #64: 00 05
CASE #65: 779 890
CASE #66: 800 800
CASE #67: 693 693
CASE #68: 167 167
CASE #69: 00 00
CASE #70: 090 049
CASE #71: 90 90
CASE #72: 400 029
CASE #73: 991 995
CASE #74: 9 9
CASE #75: 199 600
CASE #76: 507 500
CASE #77: 030 030
CASE #78: 09 09
CASE #79: 99 99
CASE #80: 98 93
CASE #81: 029 060
CASE #82: 080 039
CASE #83: 99 90
CASE #84: 205 205
CASE #85: 90 90
CASE #86: 99 99
CASE #87: 019 070
CASE #88: 092 093
CASE #89: 0 0
CASE #90: 09 99
CASE #91: 397 760
CASE #92: 759 759
CASE #93: 080 029
CASE #94: 090 059
CASE #95: 019 065
CASE #96: 95 95
CASE #97: 019 050
CASE #98: 909 900
CASE #99: 95 99
CASE #100: 009 050
CASE #101: 053 057
CASE #102: 9 9
CASE #103: 039 080
CASE #104: 99 99
CASE #105: 00 09
CASE #106: 099 909
CASE #107: 00 00
CASE #108: 400 408
CASE #109: 09 09
CASE #110: 804 804
CASE #111: 909 952
CASE #112: 319 392
CASE #113: 029 080
CASE #114: 99 99
CASE #115: 5 5
CASE #116: 00 00
CASE #117: 900 139
CASE #118: 104 104
CASE #119: 880 881
CASE #120: 408 408
CASE #121: 307 307
CASE #122: 049 080
CASE #123: 044 044
CASE #124: 090 039
CASE #125: 199 199
CASE #126: 299 938
CASE #127: 00 00
CASE #128: 070 039
CASE #129: 800 788
CASE #130: 818 818
CASE #131: 070 029
CASE #132: 300 300
CASE #133: 802 802
CASE #134: 159 151
CASE #135: 95 95
CASE #136: 993 998
CASE #137: 998 993
CASE #138: 843 843
CASE #139: 998 992
CASE #140: 15 10
CASE #141: 400 199
CASE #142: 500 190
CASE #143: 851 851
CASE #144: 059 060
CASE #145: 93 98
CASE #146: 001 005
CASE #147: 399 920
CASE #148: 009 040
CASE #149: 360 309
CASE #150: 004 004
CASE #151: 395 500
CASE #152: 096 096
CASE #153: 658 658
CASE #154: 00 00
CASE #155: 99 09
CASE #156: 239 266
CASE #157: 09 09
CASE #158: 90 90
CASE #159: 499 550
CASE #160: 407 401
CASE #161: 219 474
CASE #162: 621 670
CASE #163: 460 460
CASE #164: 049 090
CASE #165: 142 142
CASE #166: 000 000
CASE #167: 99 99
CASE #168: 007 005
CASE #169: 233 233
CASE #170: 384 384
CASE #171: 908 906
CASE #172: 059 090
CASE #173: 928 950
CASE #174: 105 105
CASE #175: 817 817
CASE #176: 180 180
CASE #177: 029 070
CASE #178: 10 15
CASE #179: 098 093
CASE #180: 05 05
CASE #181: 090 099
CASE #182: 000 000
CASE #183: 019 060
CASE #184: 004 004
CASE #185: 09 05
CASE #186: 030 030
CASE #187: 039 070
CASE #188: 830 830
CASE #189: 90 90
CASE #190: 099 090
CASE #191: 998 998
CASE #192: 807 800
CASE #193: 600 604
CASE #194: 09 90
CASE #195: 05 09
CASE #196: 050 009
CASE #197: 060 019
CASE #198: 309 706
CASE #199: 010 010
CASE #200: 080 049
